\BOOKMARK [1][-]{section*.2}{Table des figures}{}% 1
\BOOKMARK [1][-]{section*.3}{Liste des tables}{}% 2
\BOOKMARK [1][-]{section.1}{Les activit\351s}{}% 3
\BOOKMARK [2][-]{subsection.1.1}{Des exemples de projets}{section.1}% 4
\BOOKMARK [1][-]{section.2}{\311l\351ments du programme}{}% 5
\BOOKMARK [2][-]{subsection.2.1}{Repr\351sentation de l'information}{section.2}% 6
\BOOKMARK [3][-]{subsubsection.2.1.1}{La repr\351sention binaire}{subsection.2.1}% 7
\BOOKMARK [3][-]{subsubsection.2.1.2}{Num\351risation}{subsection.2.1}% 8
\BOOKMARK [2][-]{subsection.2.2}{Algorihtmique}{section.2}% 9
\BOOKMARK [3][-]{subsubsection.2.2.1}{Algorithmique simple}{subsection.2.2}% 10
\BOOKMARK [3][-]{subsubsection.2.2.2}{Algorithmique Avances}{subsection.2.2}% 11
\BOOKMARK [2][-]{subsection.2.3}{Langage et Programmation}{section.2}% 12
\BOOKMARK [3][-]{subsubsection.2.3.1}{Fonction}{subsection.2.3}% 13
\BOOKMARK [3][-]{subsubsection.2.3.2}{Langages de description}{subsection.2.3}% 14
\BOOKMARK [2][-]{subsection.2.4}{Architectures Materielle}{section.2}% 15
\BOOKMARK [3][-]{subsubsection.2.4.1}{Architecture des ordinateurs}{subsection.2.4}% 16
\BOOKMARK [2][-]{subsection.2.5}{Reseau}{section.2}% 17
\BOOKMARK [3][-]{subsubsection.2.5.1}{Transmission point par point}{subsection.2.5}% 18
\BOOKMARK [3][-]{subsubsection.2.5.2}{Adressage sur un r\351seau}{subsection.2.5}% 19
\BOOKMARK [1][-]{section.3}{Conclusion}{}% 20
