mktextfm ecrm1200
mktextfm ecrm2074
mktextfm ecrm1440
mktextfm ecrm1728
mktextfm ecbx1728
mktextfm ecbx1200
mktextfm ecti1200
mktextfm ecrm1095
mktextfm ecbx1095
mktextfm ecrm0800
mktextfm ecrm1000
mktextfm ecbx1440
mktextfm eccc1200
mktextfm ecbi1200
mktextfm ecrm1200
mktextfm ecrm2074
mktextfm ecrm1440
mktextfm ecrm1728
mktextfm ecbx1728
mktextfm ecbx1200
mktextfm ecti1200
mktextfm ecrm1095
mktextfm ecbx1095
mktextfm ecrm0800
mktextfm ecrm1000
mktextfm ecbx1440
mktextfm eccc1200
mktextfm ecbi1200
mktextfm ecrm1200
mktextfm ecrm2074
mktextfm ecrm1440
mktextfm ecrm1728
mktextfm ecbx1728
mktextfm ecbx1200
mktextfm ecti1200
mktextfm ecrm1095
mktextfm ecbx1095
mktextfm ecrm0800
mktextfm ecrm1000
mktextfm ecbx1440
mktextfm eccc1200
mktextfm ecbi1200
mktextfm ecrm1200
mktextfm ecrm2074
mktextfm ecrm1440
mktextfm ecrm1728
mktextfm ecbx1728
mktextfm ecbx1200
mktextfm ecti1200
mktextfm ecrm1095
mktextfm ecbx1095
mktextfm ecrm0800
mktextfm ecrm1000
mktextfm ecbx1440
mktextfm eccc1200
mktextfm ecbi1200
